#
# There is insufficient memory for the Java Runtime Environment to continue.
# Native memory allocation (malloc) failed to allocate 1048576 bytes for AllocateHeap
# Possible reasons:
#   The system is out of physical RAM or swap space
#   In 32 bit mode, the process size limit was hit
# Possible solutions:
#   Reduce memory load on the system
#   Increase physical memory or swap space
#   Check if swap backing store is full
#   Use 64 bit Java on a 64 bit OS
#   Decrease Java heap size (-Xmx/-Xms)
#   Decrease number of Java threads
#   Decrease Java thread stack sizes (-Xss)
#   Set larger code cache with -XX:ReservedCodeCacheSize=
# This output file may be truncated or incomplete.
#
#  Out of Memory Error (memory/allocation.inline.hpp:61), pid=9520, tid=0x0000000000003a3c
#
# JRE version:  (8.0_151-b12) (build )
# Java VM: Java HotSpot(TM) 64-Bit Server VM (25.151-b12 mixed mode windows-amd64 compressed oops)
# Failed to write core dump. Minidumps are not enabled by default on client versions of Windows
#

---------------  T H R E A D  ---------------

Current thread (0x0000000003431800):  JavaThread "Unknown thread" [_thread_in_vm, id=14908, stack(0x0000000003330000,0x0000000003430000)]

Stack: [0x0000000003330000,0x0000000003430000]
[error occurred during error reporting (printing stack bounds), id 0xc0000005]

Native frames: (J=compiled Java code, j=interpreted, Vv=VM code, C=native code)


---------------  P R O C E S S  ---------------

Java Threads: ( => current thread )

Other Threads:

=>0x0000000003431800 (exited) JavaThread "Unknown thread" [_thread_in_vm, id=14908, stack(0x0000000003330000,0x0000000003430000)]

VM state:not at safepoint (normal execution)

VM Mutex/Monitor currently owned by a thread: None

Heap:
 PSYoungGen      total 95232K, used 1638K [0x0000000756100000, 0x000000075cb00000, 0x00000007c0000000)
  eden space 81920K, 2% used [0x0000000756100000,0x00000007562999a8,0x000000075b100000)
  from space 13312K, 0% used [0x000000075be00000,0x000000075be00000,0x000000075cb00000)
  to   space 13312K, 0% used [0x000000075b100000,0x000000075b100000,0x000000075be00000)
 ParOldGen       total 217088K, used 0K [0x0000000682200000, 0x000000068f600000, 0x0000000756100000)
  object space 217088K, 0% used [0x0000000682200000,0x0000000682200000,0x000000068f600000)
 Metaspace       used 770K, capacity 4480K, committed 4480K, reserved 1056768K
  class space    used 75K, capacity 384K, committed 384K, reserved 1048576K

Card table byte_map: [0x0000000012a30000,0x0000000013420000] byte_map_base: 0x000000000f61f000

Marking Bits: (ParMarkBitMap*) 0x000000007519d850
 Begin Bits: [0x00000000144c0000, 0x0000000019438000)
 End Bits:   [0x0000000019438000, 0x000000001e3b0000)

Polling page: 0x0000000001060000

CodeCache: size=245760Kb used=328Kb max_used=328Kb free=245431Kb
 bounds [0x0000000003670000, 0x00000000038e0000, 0x0000000012670000]
 total_blobs=58 nmethods=0 adapters=38
 compilation: enabled

Compilation events (0 events):
No events

GC Heap History (0 events):
No events

Deoptimization events (0 events):
No events

Internal exceptions (0 events):
No events

Events (10 events):
Event: 0.030 loading class java/lang/Short
Event: 0.030 loading class java/lang/Short done
Event: 0.030 loading class java/lang/Integer
Event: 0.030 loading class java/lang/Integer done
Event: 0.030 loading class java/lang/Long
Event: 0.030 loading class java/lang/Long done
Event: 0.030 loading class java/lang/NullPointerException
Event: 0.030 loading class java/lang/NullPointerException done
Event: 0.030 loading class java/lang/ArithmeticException
Event: 0.030 loading class java/lang/ArithmeticException done


Dynamic libraries:
0x00007ff7ba300000 - 0x00007ff7ba337000 	C:\Program Files\Java\jdk1.8.0_151\bin\java.exe
0x00007ffa1e500000 - 0x00007ffa1e709000 	C:\WINDOWS\SYSTEM32\ntdll.dll
0x00007ffa1d370000 - 0x00007ffa1d42d000 	C:\WINDOWS\System32\KERNEL32.DLL
0x00007ffa1bb40000 - 0x00007ffa1beb4000 	C:\WINDOWS\System32\KERNELBASE.dll
0x00007ffa1c600000 - 0x00007ffa1c6ae000 	C:\WINDOWS\System32\ADVAPI32.dll
0x00007ffa1c4c0000 - 0x00007ffa1c563000 	C:\WINDOWS\System32\msvcrt.dll
0x00007ffa1db10000 - 0x00007ffa1dbae000 	C:\WINDOWS\System32\sechost.dll
0x00007ffa1c800000 - 0x00007ffa1c920000 	C:\WINDOWS\System32\RPCRT4.dll
0x00007ffa1d1c0000 - 0x00007ffa1d36c000 	C:\WINDOWS\System32\USER32.dll
0x00007ffa1b9f0000 - 0x00007ffa1ba16000 	C:\WINDOWS\System32\win32u.dll
0x00007ffa1e490000 - 0x00007ffa1e4b9000 	C:\WINDOWS\System32\GDI32.dll
0x00007ffa1ba20000 - 0x00007ffa1bb32000 	C:\WINDOWS\System32\gdi32full.dll
0x00007ffa1c240000 - 0x00007ffa1c2dd000 	C:\WINDOWS\System32\msvcp_win.dll
0x00007ffa1bec0000 - 0x00007ffa1bfd1000 	C:\WINDOWS\System32\ucrtbase.dll
0x00007ff9fe790000 - 0x00007ff9fea35000 	C:\WINDOWS\WinSxS\amd64_microsoft.windows.common-controls_6595b64144ccf1df_6.0.22000.120_none_9d947278b86cc467\COMCTL32.dll
0x00007ffa1dbb0000 - 0x00007ffa1dbe1000 	C:\WINDOWS\System32\IMM32.DLL
0x0000000075220000 - 0x00000000752f2000 	C:\Program Files\Java\jdk1.8.0_151\jre\bin\msvcr100.dll
0x0000000074980000 - 0x000000007521d000 	C:\Program Files\Java\jdk1.8.0_151\jre\bin\server\jvm.dll
0x00007ffa1c3a0000 - 0x00007ffa1c3a8000 	C:\WINDOWS\System32\PSAPI.DLL
0x00007ffa187e0000 - 0x00007ffa187e9000 	C:\WINDOWS\SYSTEM32\WSOCK32.dll
0x00007ffa155a0000 - 0x00007ffa155aa000 	C:\WINDOWS\SYSTEM32\VERSION.dll
0x00007ffa15540000 - 0x00007ffa15573000 	C:\WINDOWS\SYSTEM32\WINMM.dll
0x00007ffa1e410000 - 0x00007ffa1e47f000 	C:\WINDOWS\System32\WS2_32.dll
0x0000000077800000 - 0x000000007780f000 	C:\Program Files\Java\jdk1.8.0_151\jre\bin\verify.dll
0x0000000075e60000 - 0x0000000075e89000 	C:\Program Files\Java\jdk1.8.0_151\jre\bin\java.dll
0x0000000075e30000 - 0x0000000075e53000 	C:\Program Files\Java\jdk1.8.0_151\jre\bin\instrument.dll
0x00000000776e0000 - 0x00000000776f6000 	C:\Program Files\Java\jdk1.8.0_151\jre\bin\zip.dll

VM Arguments:
jvm_args: -XX:TieredStopAtLevel=1 -Xverify:none -Dspring.output.ansi.enabled=always -Dcom.sun.management.jmxremote -Dcom.sun.management.jmxremote.port=62378 -Dcom.sun.management.jmxremote.authenticate=false -Dcom.sun.management.jmxremote.ssl=false -Djava.rmi.server.hostname=localhost -Dspring.liveBeansView.mbeanDomain -Dspring.application.admin.enabled=true -javaagent:D:\Developtools\IntelliJ IDEA 2018.1.5\lib\idea_rt.jar=62379:D:\Developtools\IntelliJ IDEA 2018.1.5\bin -Dfile.encoding=UTF-8 
java_command: com.base.job.JobApplication
java_class_path (initial): C:\Program Files\Java\jdk1.8.0_151\jre\lib\charsets.jar;C:\Program Files\Java\jdk1.8.0_151\jre\lib\deploy.jar;C:\Program Files\Java\jdk1.8.0_151\jre\lib\ext\access-bridge-64.jar;C:\Program Files\Java\jdk1.8.0_151\jre\lib\ext\cldrdata.jar;C:\Program Files\Java\jdk1.8.0_151\jre\lib\ext\dnsns.jar;C:\Program Files\Java\jdk1.8.0_151\jre\lib\ext\jaccess.jar;C:\Program Files\Java\jdk1.8.0_151\jre\lib\ext\jfxrt.jar;C:\Program Files\Java\jdk1.8.0_151\jre\lib\ext\localedata.jar;C:\Program Files\Java\jdk1.8.0_151\jre\lib\ext\nashorn.jar;C:\Program Files\Java\jdk1.8.0_151\jre\lib\ext\sunec.jar;C:\Program Files\Java\jdk1.8.0_151\jre\lib\ext\sunjce_provider.jar;C:\Program Files\Java\jdk1.8.0_151\jre\lib\ext\sunmscapi.jar;C:\Program Files\Java\jdk1.8.0_151\jre\lib\ext\sunpkcs11.jar;C:\Program Files\Java\jdk1.8.0_151\jre\lib\ext\zipfs.jar;C:\Program Files\Java\jdk1.8.0_151\jre\lib\javaws.jar;C:\Program Files\Java\jdk1.8.0_151\jre\lib\jce.jar;C:\Program Files\Java\jdk1.8.0_151\jre\lib\jfr.jar;C:\Program Files\Java\jdk1.8.0_151\jre\lib\jfxswt.jar;C:\Program Files\Java\jdk1.8.0_151\jre\lib\jsse.jar;C:\Program Files\Java\jdk1.8.0_151\jre\lib\management-agent.jar;C:\Program Files\Java\jdk1.8.0_151\jre\lib\plugin.jar;C:\Program Files\Java\jdk1.8.0_151\jre\lib\resources.jar;C:\Program Files\Java\jdk1.8.0_151\jre\lib\rt.jar;D:\±œ“µ…Ëº∆\job-wanted-system\target\classes;C:\Users\Administrator\.m2\repository\org\jsoup\jsoup\1.12.1\jsoup-1.12.1.jar;C:\Users\Administrator\.m2\repository\org\mybatis\spring\boot\mybatis-spring-boot-starter\1.3.0\mybatis-spring-boot-starter-1.3.0.jar;C:\Users\Administrator\.m2\repository\org\springframework\boot\spring-boot-starter\2.0.2.RELEASE\spring-boot-starter-2.0.2.RELEASE.jar;C:\Users\Administrator\.m2\repository\org\springframework\boot\spring-boot\2.0.2.RELEASE\spring-boot-2.0.2.RELEASE.jar;C:\Users\Administrator\.m2\repository\org\springframework\boot\spring-boot-autoconfigure\2.0.2.RELEASE\spring-boot-autoconfigure-2.0.2.REL
Launcher Type: SUN_STANDARD

Environment Variables:
JAVA_HOME=C:\Program Files\Java\jdk1.8.0_151
PATH=C:\Program Files (x86)\Common Files\Oracle\Java\javapath;C:\ProgramData\Oracle\Java\javapath;C:\WINDOWS\system32;C:\WINDOWS;C:\WINDOWS\System32\Wbem;C:\WINDOWS\System32\WindowsPowerShell\v1.0\;C:\WINDOWS\System32\OpenSSH\;C:\Program Files\Java\jdk1.8.0_151\bin;C:\Program Files (x86)\Microsoft SQL Server\100\Tools\Binn\;C:\Program Files\Microsoft SQL Server\100\Tools\Binn\;C:\Program Files\Microsoft SQL Server\100\DTS\Binn\;C:\Program Files (x86)\Microsoft SQL Server\100\Tools\Binn\VSShell\Common7\IDE\;C:\Program Files (x86)\Microsoft SQL Server\100\DTS\Binn\;C:\Program Files (x86)\Microsoft Visual Studio 9.0\Common7\IDE\PrivateAssemblies\;D:\Developtools\Git\cmd;D:\Developtools\node\;D:\Developtools\apache-maven-3.5.3\bin;D:\Developtools\putty\;D:\Developtools\hadoop-2.6.0\bin;C:\Program Files\Go\bin;D:\Developtools\cmake\bin;D:\GO\bin;D:\GO\pkg;D:\GO\src;D:\Developtools\zookeeper-3.3.3\bin;D:\Developtools\mysql-5.6.24-winx64\bin;D:\Developtools\adb;D:\Developtools\ffmpeg\bin;C:\Users\Administrator\AppData\Local\Microsoft\WindowsApps;D:\—πÀı\;C:\Users\Administrator\AppData\Local\GitHubDesktop\bin;D:\Developtools\Microsoft VS Code\bin;C:\Users\Administrator\AppData\Roaming\npm;C:\Users\Administrator\AppData\Local\Microsoft\WindowsApps;C:\Users\Administrator\go\bin;D:\Developtools\node\node_global;
USERNAME=Administrator
OS=Windows_NT
PROCESSOR_IDENTIFIER=Intel64 Family 6 Model 158 Stepping 10, GenuineIntel



---------------  S Y S T E M  ---------------

OS: Windows 10.0 , 64 bit Build 22000 (10.0.22000.613)

CPU:total 12 (initial active 12) (6 cores per cpu, 2 threads per core) family 6 model 158 stepping 10, cmov, cx8, fxsr, mmx, sse, sse2, sse3, ssse3, sse4.1, sse4.2, popcnt, avx, avx2, aes, clmul, erms, 3dnowpref, lzcnt, ht, tsc, tscinvbit, bmi1, bmi2, adx

Memory: 4k page, physical 20827544k(9315312k free), swap 27033000k(5620k free)

vm_info: Java HotSpot(TM) 64-Bit Server VM (25.151-b12) for windows-amd64 JRE (1.8.0_151-b12), built on Sep  5 2017 19:33:46 by "java_re" with MS VC++ 10.0 (VS2010)

time: Wed Apr 27 21:39:55 2022
elapsed time: 0 seconds (0d 0h 0m 0s)

